NotePad/app/build/intermediates/manifest_merge_blame_file/debug/manifest-merger-blame-debug-report.txt
1<?xml version="1.0" encoding="utf-8"?>
2<!--
3 Copyright (C) 2007 The Android Open Source Project
4
5     Licensed under the Apache License, Version 2.0 (the "License");
6     you may not use this file except in compliance with the License.
7     You may obtain a copy of the License at
8
9          http://www.apache.org/licenses/LICENSE-2.0
10
11     Unless required by applicable law or agreed to in writing, software
12     distributed under the License is distributed on an "AS IS" BASIS,
13     WITHOUT WARRANTIES OR CONDITIONS OF ANY KIND, either express or implied.
14     See the License for the specific language governing permissions and
15     limitations under the License.
16-->
17<!--
18 Declare the contents of this Android application.  The namespace
19     attribute brings in the Android platform namespace, and the package
20     supplies a unique name for the application.  When writing your
21     own application, the package name must be changed from "com.example.*"
22     to come from a domain that you own or have control over.
23-->
24<manifest xmlns:android="http://schemas.android.com/apk/res/android"
25    package="com.example.android.notepad" >
26
27    <uses-sdk
28        android:minSdkVersion="11"
28-->src\main\AndroidManifest.xml
29        android:targetSdkVersion="11" />
29-->src\main\AndroidManifest.xml
30
31    <application
31-->src\main\AndroidManifest.xml:25:5-128:19
32        android:debuggable="true"
33        android:icon="@drawable/app_notes"
33-->src\main\AndroidManifest.xml:25:18-52
34        android:label="@string/app_name"
34-->src\main\AndroidManifest.xml:26:9-41
35        android:testOnly="true"
36        android:theme="@android:style/Theme.Holo.Light" >
36-->src\main\AndroidManifest.xml:27:9-56
37        <provider
37-->src\main\AndroidManifest.xml:29:9-33:20
38            android:name="com.example.android.notepad.NotePadProvider"
38-->src\main\AndroidManifest.xml:29:19-49
39            android:authorities="com.google.provider.NotePad"
39-->src\main\AndroidManifest.xml:30:13-62
40            android:exported="false" >
40-->src\main\AndroidManifest.xml:31:13-37
41            <grant-uri-permission android:pathPattern=".*" />
41-->src\main\AndroidManifest.xml:32:13-62
41-->src\main\AndroidManifest.xml:32:35-59
42        </provider>
43
44        <activity
44-->src\main\AndroidManifest.xml:35:9-52:20
45            android:name="com.example.android.notepad.NotesList"
45-->src\main\AndroidManifest.xml:35:19-43
46            android:label="@string/title_notes_list" >
46-->src\main\AndroidManifest.xml:35:44-84
47            <intent-filter>
47-->src\main\AndroidManifest.xml:36:13-39:29
48                <action android:name="android.intent.action.MAIN" />
48-->src\main\AndroidManifest.xml:37:17-69
48-->src\main\AndroidManifest.xml:37:25-66
49
50                <category android:name="android.intent.category.LAUNCHER" />
50-->src\main\AndroidManifest.xml:38:17-77
50-->src\main\AndroidManifest.xml:38:27-74
51            </intent-filter>
52            <intent-filter>
52-->src\main\AndroidManifest.xml:40:13-46:29
53                <action android:name="android.intent.action.VIEW" />
53-->src\main\AndroidManifest.xml:41:17-69
53-->src\main\AndroidManifest.xml:41:25-66
54                <action android:name="android.intent.action.EDIT" />
54-->src\main\AndroidManifest.xml:42:17-69
54-->src\main\AndroidManifest.xml:42:25-66
55                <action android:name="android.intent.action.PICK" />
55-->src\main\AndroidManifest.xml:43:17-69
55-->src\main\AndroidManifest.xml:43:25-66
56
57                <category android:name="android.intent.category.DEFAULT" />
57-->src\main\AndroidManifest.xml:44:17-76
57-->src\main\AndroidManifest.xml:44:27-73
58
59                <data android:mimeType="vnd.android.cursor.dir/vnd.google.note" />
59-->src\main\AndroidManifest.xml:45:17-83
59-->src\main\AndroidManifest.xml:45:23-80
60            </intent-filter>
61            <intent-filter>
61-->src\main\AndroidManifest.xml:47:13-51:29
62                <action android:name="android.intent.action.GET_CONTENT" />
62-->src\main\AndroidManifest.xml:48:17-76
62-->src\main\AndroidManifest.xml:48:25-73
63
64                <category android:name="android.intent.category.DEFAULT" />
64-->src\main\AndroidManifest.xml:44:17-76
64-->src\main\AndroidManifest.xml:44:27-73
65
66                <data android:mimeType="vnd.android.cursor.item/vnd.google.note" />
66-->src\main\AndroidManifest.xml:45:17-83
66-->src\main\AndroidManifest.xml:45:23-80
67            </intent-filter>
68        </activity>
69        <activity
69-->src\main\AndroidManifest.xml:54:9-62:20
70            android:name="com.example.android.notepad.NoteSearch"
70-->src\main\AndroidManifest.xml:54:19-44
71            android:icon="@drawable/search"
71-->src\main\AndroidManifest.xml:56:13-44
72            android:label="NoteSearch" >
72-->src\main\AndroidManifest.xml:55:13-39
73            <intent-filter>
73-->src\main\AndroidManifest.xml:36:13-39:29
74                <action android:name="android.intent.action.MAIN" />
74-->src\main\AndroidManifest.xml:37:17-69
74-->src\main\AndroidManifest.xml:37:25-66
75
76                <category android:name="android.intent.category.LAUNCHER" />
76-->src\main\AndroidManifest.xml:38:17-77
76-->src\main\AndroidManifest.xml:38:27-74
77            </intent-filter>
78        </activity>
79        <activity
79-->src\main\AndroidManifest.xml:65:9-91:20
80            android:name="com.example.android.notepad.NoteEditor"
80-->src\main\AndroidManifest.xml:65:19-44
81            android:configChanges="keyboardHidden|orientation"
81-->src\main\AndroidManifest.xml:68:13-63
82            android:screenOrientation="sensor"
82-->src\main\AndroidManifest.xml:67:13-47
83            android:theme="@android:style/Theme.Holo.Light" >
83-->src\main\AndroidManifest.xml:66:13-60
84
85            <!--
86                 This filter says that we can view or edit the data of
87                 a single note
88            -->
89            <intent-filter android:label="@string/resolve_edit" >
89-->src\main\AndroidManifest.xml:72:13-78:29
89-->src\main\AndroidManifest.xml:72:28-64
90                <action android:name="android.intent.action.VIEW" />
90-->src\main\AndroidManifest.xml:41:17-69
90-->src\main\AndroidManifest.xml:41:25-66
91                <action android:name="android.intent.action.EDIT" />
91-->src\main\AndroidManifest.xml:42:17-69
91-->src\main\AndroidManifest.xml:42:25-66
92                <action android:name="com.android.notepad.action.EDIT_NOTE" />
92-->src\main\AndroidManifest.xml:75:17-79
92-->src\main\AndroidManifest.xml:75:25-76
93
94                <category android:name="android.intent.category.DEFAULT" />
94-->src\main\AndroidManifest.xml:44:17-76
94-->src\main\AndroidManifest.xml:44:27-73
95
96                <data android:mimeType="vnd.android.cursor.item/vnd.google.note" />
96-->src\main\AndroidManifest.xml:45:17-83
96-->src\main\AndroidManifest.xml:45:23-80
97            </intent-filter>
98
99            <!--
100                 This filter says that we can create a new note inside
101                 of a directory of notes.  The INSERT action creates an
102                 empty note; the PASTE action initializes a new note from
103                 the current contents of the clipboard.
104            -->
105            <intent-filter>
105-->src\main\AndroidManifest.xml:84:13-89:29
106                <action android:name="android.intent.action.INSERT" />
106-->src\main\AndroidManifest.xml:85:17-71
106-->src\main\AndroidManifest.xml:85:25-68
107                <action android:name="android.intent.action.PASTE" />
107-->src\main\AndroidManifest.xml:86:17-70
107-->src\main\AndroidManifest.xml:86:25-67
108
109                <category android:name="android.intent.category.DEFAULT" />
109-->src\main\AndroidManifest.xml:44:17-76
109-->src\main\AndroidManifest.xml:44:27-73
110
111                <data android:mimeType="vnd.android.cursor.dir/vnd.google.note" />
111-->src\main\AndroidManifest.xml:45:17-83
111-->src\main\AndroidManifest.xml:45:23-80
112            </intent-filter>
113        </activity>
114        <activity
114-->src\main\AndroidManifest.xml:93:9-118:20
115            android:name="com.example.android.notepad.TitleEditor"
115-->src\main\AndroidManifest.xml:93:19-45
116            android:icon="@drawable/ic_menu_edit"
116-->src\main\AndroidManifest.xml:95:13-50
117            android:label="@string/title_edit_title"
117-->src\main\AndroidManifest.xml:94:13-53
118            android:theme="@android:style/Theme.Holo.Dialog"
118-->src\main\AndroidManifest.xml:96:13-61
119            android:windowSoftInputMode="stateVisible" >
119-->src\main\AndroidManifest.xml:97:13-55
120
121            <!--
122                 This activity implements an alternative action that can be
123                 performed on notes: editing their title.  It can be used as
124                 a default operation if the user invokes this action, and is
125                 available as an alternative action for any note data.
126            -->
127            <intent-filter android:label="@string/resolve_title" >
127-->src\main\AndroidManifest.xml:102:13-117:29
127-->src\main\AndroidManifest.xml:102:28-65
128
129                <!--
130                     This is the action we perform.  It is a custom action we
131                     define for our application, not a generic VIEW or EDIT
132                     action since we are not a general note viewer/editor.
133                -->
134                <action android:name="com.android.notepad.action.EDIT_TITLE" />
134-->src\main\AndroidManifest.xml:106:17-80
134-->src\main\AndroidManifest.xml:106:25-77
135                <!-- DEFAULT: execute if being directly invoked. -->
136                <category android:name="android.intent.category.DEFAULT" />
136-->src\main\AndroidManifest.xml:44:17-76
136-->src\main\AndroidManifest.xml:44:27-73
137                <!--
138                     ALTERNATIVE: show as an alternative action when the user is
139                     working with this type of data.
140                -->
141                <category android:name="android.intent.category.ALTERNATIVE" />
141-->src\main\AndroidManifest.xml:111:17-80
141-->src\main\AndroidManifest.xml:111:27-77
142                <!--
143                     SELECTED_ALTERNATIVE: show as an alternative action the user
144                     can perform when selecting this type of data.
145                -->
146                <category android:name="android.intent.category.SELECTED_ALTERNATIVE" />
146-->src\main\AndroidManifest.xml:114:17-89
146-->src\main\AndroidManifest.xml:114:27-86
147                <!-- This is the data type we operate on. -->
148                <data android:mimeType="vnd.android.cursor.item/vnd.google.note" />
148-->src\main\AndroidManifest.xml:45:17-83
148-->src\main\AndroidManifest.xml:45:23-80
149            </intent-filter>
150        </activity>
151        <activity
151-->src\main\AndroidManifest.xml:120:9-126:20
152            android:name="com.example.android.notepad.NotesLiveFolder"
152-->src\main\AndroidManifest.xml:120:19-49
153            android:icon="@drawable/live_folder_notes"
153-->src\main\AndroidManifest.xml:121:13-55
154            android:label="@string/live_folder_name" >
154-->src\main\AndroidManifest.xml:120:50-90
155            <intent-filter>
155-->src\main\AndroidManifest.xml:122:13-125:29
156                <action android:name="android.intent.action.CREATE_LIVE_FOLDER" />
156-->src\main\AndroidManifest.xml:123:17-83
156-->src\main\AndroidManifest.xml:123:25-80
157
158                <category android:name="android.intent.category.DEFAULT" />
158-->src\main\AndroidManifest.xml:44:17-76
158-->src\main\AndroidManifest.xml:44:27-73
159            </intent-filter>
160        </activity>
161    </application>
162
163</manifest>